==============================================================================
Robot Sauce                                                                   
==============================================================================
Robot Sauce.SauceDemoProject                                                  
==============================================================================
Robot Sauce.SauceDemoProject.TestCases                                        
==============================================================================
Robot Sauce.SauceDemoProject.TestCases.LoginTest                              
==============================================================================
Login Test with standard_user                                         | PASS |
------------------------------------------------------------------------------
Login Test with                                                       | PASS |
------------------------------------------------------------------------------
Login Test with standard_user                                         | PASS |
------------------------------------------------------------------------------
Login Test with add                                                   | PASS |
------------------------------------------------------------------------------
Login Test with problem_user                                          | PASS |
------------------------------------------------------------------------------
Login Test with performance_glitch_user                               | PASS |
------------------------------------------------------------------------------
Login Test with locked_out_user                                       | PASS |
------------------------------------------------------------------------------
Login Test with error_user                                            | PASS |
------------------------------------------------------------------------------
Robot Sauce.SauceDemoProject.TestCases.LoginTest                      | PASS |
8 tests, 8 passed, 0 failed
==============================================================================
Robot Sauce.SauceDemoProject.TestCases                                | PASS |
8 tests, 8 passed, 0 failed
==============================================================================
Robot Sauce.SauceDemoProject                                          | PASS |
8 tests, 8 passed, 0 failed
==============================================================================
Robot Sauce                                                           | PASS |
8 tests, 8 passed, 0 failed
==============================================================================
Output:  C:\Robot_Sauce\pabot_results\1\output.xml
